<?xml version="1.0" encoding="UTF-8"?>
<!-- Generated by org.testng.reporters.JUnitReportReporter -->
<testsuite skipped="0" hostname="sachin4597-01" name="com.nag.nagp.testcases.Test_Redbus_BusTicket" tests="1" failures="0" timestamp="26 May 2019 12:39:48 GMT" time="2.837" errors="0">
  <testcase name="Test_BusTicket_Fields" time="2.837" classname="com.nag.nagp.testcases.Test_Redbus_BusTicket"/>
</testsuite> <!-- com.nag.nagp.testcases.Test_Redbus_BusTicket -->
