<?xml version="1.0" encoding="UTF-8"?>
<!-- Generated by org.testng.reporters.JUnitReportReporter -->
<testsuite skipped="0" hostname="sachin4597-01" name="com.nag.nagp.testcases.Test_Redbus_BusTicket_BookingPage" tests="2" failures="0" timestamp="04 Aug 2019 08:57:10 GMT" time="15.920" errors="0">
  <testcase name="Test_Validate_BusTicket_Fields" time="5.064" classname="com.nag.nagp.testcases.Test_Redbus_BusTicket_BookingPage"/>
  <testcase name="Test_Validate_BusesSameSourceDestination" time="10.856" classname="com.nag.nagp.testcases.Test_Redbus_BusTicket_BookingPage"/>
</testsuite> <!-- com.nag.nagp.testcases.Test_Redbus_BusTicket_BookingPage -->
